<?xml version="1.0" encoding="UTF-8"?>
<testng-results skipped="0" failed="0" ignored="0" total="1" passed="1">
  <reporter-output>
  </reporter-output>
  <suite name="Default suite" duration-ms="20848" started-at="2021-07-23T23:41:56 IST" finished-at="2021-07-23T23:42:17 IST">
    <groups>
    </groups>
    <test name="Default test" duration-ms="20848" started-at="2021-07-23T23:41:56 IST" finished-at="2021-07-23T23:42:17 IST">
      <class name="com.webdriver.scripts.FramesTest">
        <test-method status="PASS" signature="launchBrowser()[pri:0, instance:com.webdriver.scripts.FramesTest@305fd85d]" name="launchBrowser" is-config="true" duration-ms="4553" started-at="2021-07-23T23:41:56 IST" finished-at="2021-07-23T23:42:00 IST">
          <reporter-output>
          </reporter-output>
        </test-method> <!-- launchBrowser -->
        <test-method status="PASS" signature="framesMethods()[pri:0, instance:com.webdriver.scripts.FramesTest@305fd85d]" name="framesMethods" duration-ms="11455" started-at="2021-07-23T23:42:00 IST" finished-at="2021-07-23T23:42:12 IST">
          <reporter-output>
          </reporter-output>
        </test-method> <!-- framesMethods -->
        <test-method status="PASS" signature="closeBrowser()[pri:0, instance:com.webdriver.scripts.FramesTest@305fd85d]" name="closeBrowser" is-config="true" duration-ms="4706" started-at="2021-07-23T23:42:12 IST" finished-at="2021-07-23T23:42:17 IST">
          <reporter-output>
          </reporter-output>
        </test-method> <!-- closeBrowser -->
      </class> <!-- com.webdriver.scripts.FramesTest -->
    </test> <!-- Default test -->
  </suite> <!-- Default suite -->
</testng-results>
